INFO: [VRFC 10-163] Analyzing VHDL file "/home/sulley/Desktop/ece449_final_project_refactored/src/constants_package.vhd" into library xil_defaultlib
INFO: [VRFC 10-163] Analyzing VHDL file "/home/sulley/Desktop/ece449_final_project_refactored/src/Alu.vhd" into library xil_defaultlib
INFO: [VRFC 10-3107] analyzing entity 'Alu'
INFO: [VRFC 10-163] Analyzing VHDL file "/home/sulley/Desktop/ece449_final_project_refactored/src/controller.vhd" into library xil_defaultlib
INFO: [VRFC 10-3107] analyzing entity 'controller'
INFO: [VRFC 10-163] Analyzing VHDL file "/home/sulley/Desktop/ece449_final_project_refactored/src/decoder.vhd" into library xil_defaultlib
INFO: [VRFC 10-3107] analyzing entity 'decoder'
INFO: [VRFC 10-163] Analyzing VHDL file "/home/sulley/Desktop/ece449_final_project_refactored/src/decode.vhd" into library xil_defaultlib
INFO: [VRFC 10-3107] analyzing entity 'decode'
INFO: [VRFC 10-163] Analyzing VHDL file "/home/sulley/Desktop/ece449_final_project_refactored/src/execute.vhd" into library xil_defaultlib
INFO: [VRFC 10-3107] analyzing entity 'execute'
INFO: [VRFC 10-163] Analyzing VHDL file "/home/sulley/Desktop/ece449_final_project_refactored/src/program_counter.vhd" into library xil_defaultlib
INFO: [VRFC 10-3107] analyzing entity 'program_counter'
INFO: [VRFC 10-163] Analyzing VHDL file "/home/sulley/Desktop/ece449_final_project_refactored/src/fetch.vhd" into library xil_defaultlib
INFO: [VRFC 10-3107] analyzing entity 'fetch'
INFO: [VRFC 10-163] Analyzing VHDL file "/home/sulley/Desktop/ece449_final_project_refactored/src/memory.vhd" into library xil_defaultlib
INFO: [VRFC 10-3107] analyzing entity 'memory'
INFO: [VRFC 10-163] Analyzing VHDL file "/home/sulley/Desktop/ece449_final_project_refactored/src/writeback.vhd" into library xil_defaultlib
INFO: [VRFC 10-3107] analyzing entity 'writeback'
INFO: [VRFC 10-163] Analyzing VHDL file "/home/sulley/Desktop/ece449_final_project_refactored/src/top_level_cpu.vhd" into library xil_defaultlib
INFO: [VRFC 10-3107] analyzing entity 'top_level_cpu'
INFO: [VRFC 10-163] Analyzing VHDL file "/home/sulley/Downloads/tb_FormatBTest1.vhd" into library xil_defaultlib
INFO: [VRFC 10-3107] analyzing entity 'tb_FormatBTest1'
